# JRE version: OpenJDK Runtime Environment (11.0.12+7) (build 11.0.12+7-b1504.28-7817840)
# Java VM: OpenJDK 64-Bit Server VM (11.0.12+7-b1504.28-7817840, mixed mode, tiered, compressed oops, g1 gc, windows-amd64)
Heap:
 garbage-first heap   total 650240K, used 259584K [0x0000000080000000, 0x0000000100000000)
  region size 1024K, 5 young (5120K), 5 survivors (5120K)
 Metaspace       used 112290K, capacity 115167K, committed 115328K, reserved 1148928K
  class space    used 14288K, capacity 15416K, committed 15488K, reserved 1048576K
GC Heap History (20 events):
Event: 32.504 GC heap after
{Heap after GC invocations=65 (full 0):
 garbage-first heap   total 310272K, used 147325K [0x0000000080000000, 0x0000000100000000)
  region size 1024K, 8 young (8192K), 8 survivors (8192K)
 Metaspace       used 108992K, capacity 111676K, committed 111872K, reserved 1146880K
  class space    used 13951K, capacity 14982K, committed 15104K, reserved 1048576K
}
Event: 32.996 GC heap before
{Heap before GC invocations=65 (full 0):
 garbage-first heap   total 310272K, used 269181K [0x0000000080000000, 0x0000000100000000)
  region size 1024K, 127 young (130048K), 8 survivors (8192K)
 Metaspace       used 108993K, capacity 111676K, committed 111872K, reserved 1146880K
  class space    used 13951K, capacity 14982K, committed 15104K, reserved 1048576K
}
Event: 33.009 GC heap after
{Heap after GC invocations=66 (full 0):
 garbage-first heap   total 310272K, used 147658K [0x0000000080000000, 0x0000000100000000)
  region size 1024K, 9 young (9216K), 9 survivors (9216K)
 Metaspace       used 108993K, capacity 111676K, committed 111872K, reserved 1146880K
  class space    used 13951K, capacity 14982K, committed 15104K, reserved 1048576K
}
Event: 33.566 GC heap before
{Heap before GC invocations=67 (full 0):
 garbage-first heap   total 310272K, used 267466K [0x0000000080000000, 0x0000000100000000)
  region size 1024K, 126 young (129024K), 9 survivors (9216K)
 Metaspace       used 109003K, capacity 111677K, committed 111872K, reserved 1146880K
  class space    used 13951K, capacity 14982K, committed 15104K, reserved 1048576K
}
Event: 33.579 GC heap after
{Heap after GC invocations=68 (full 0):
 garbage-first heap   total 310272K, used 148240K [0x0000000080000000, 0x0000000100000000)
  region size 1024K, 9 young (9216K), 9 survivors (9216K)
 Metaspace       used 109003K, capacity 111677K, committed 111872K, reserved 1146880K
  class space    used 13951K, capacity 14982K, committed 15104K, reserved 1048576K
}
Event: 33.598 GC heap before
{Heap before GC invocations=68 (full 0):
 garbage-first heap   total 310272K, used 154384K [0x0000000080000000, 0x0000000100000000)
  region size 1024K, 15 young (15360K), 9 survivors (9216K)
 Metaspace       used 109003K, capacity 111677K, committed 111872K, reserved 1146880K
  class space    used 13951K, capacity 14982K, committed 15104K, reserved 1048576K
}
Event: 33.607 GC heap after
{Heap after GC invocations=69 (full 0):
 garbage-first heap   total 310272K, used 138186K [0x0000000080000000, 0x0000000100000000)
  region size 1024K, 2 young (2048K), 2 survivors (2048K)
 Metaspace       used 109003K, capacity 111677K, committed 111872K, reserved 1146880K
  class space    used 13951K, capacity 14982K, committed 15104K, reserved 1048576K
}
Event: 34.171 GC heap before
{Heap before GC invocations=69 (full 0):
 garbage-first heap   total 310272K, used 269258K [0x0000000080000000, 0x0000000100000000)
  region size 1024K, 130 young (133120K), 2 survivors (2048K)
 Metaspace       used 109173K, capacity 111852K, committed 112128K, reserved 1146880K
  class space    used 13951K, capacity 14982K, committed 15104K, reserved 1048576K
}
Event: 34.179 GC heap after
{Heap after GC invocations=70 (full 0):
 garbage-first heap   total 310272K, used 140841K [0x0000000080000000, 0x0000000100000000)
  region size 1024K, 5 young (5120K), 5 survivors (5120K)
 Metaspace       used 109173K, capacity 111852K, committed 112128K, reserved 1146880K
  class space    used 13951K, capacity 14982K, committed 15104K, reserved 1048576K
}
Event: 34.889 GC heap before
{Heap before GC invocations=70 (full 0):
 garbage-first heap   total 310272K, used 216617K [0x0000000080000000, 0x0000000100000000)
  region size 1024K, 78 young (79872K), 5 survivors (5120K)
 Metaspace       used 109847K, capacity 112517K, committed 112640K, reserved 1146880K
  class space    used 13996K, capacity 15041K, committed 15104K, reserved 1048576K
}
Event: 34.898 GC heap after
{Heap after GC invocations=71 (full 0):
 garbage-first heap   total 310272K, used 140157K [0x0000000080000000, 0x0000000100000000)
  region size 1024K, 4 young (4096K), 4 survivors (4096K)
 Metaspace       used 109847K, capacity 112517K, committed 112640K, reserved 1146880K
  class space    used 13996K, capacity 15041K, committed 15104K, reserved 1048576K
}
Event: 35.743 GC heap before
{Heap before GC invocations=72 (full 0):
 garbage-first heap   total 310272K, used 308093K [0x0000000080000000, 0x0000000100000000)
  region size 1024K, 116 young (118784K), 4 survivors (4096K)
 Metaspace       used 111673K, capacity 114511K, committed 114688K, reserved 1148928K
  class space    used 14229K, capacity 15356K, committed 15360K, reserved 1048576K
}
Event: 35.810 GC heap after
{Heap after GC invocations=73 (full 0):
 garbage-first heap   total 348160K, used 205744K [0x0000000080000000, 0x0000000100000000)
  region size 1024K, 17 young (17408K), 17 survivors (17408K)
 Metaspace       used 111673K, capacity 114511K, committed 114688K, reserved 1148928K
  class space    used 14229K, capacity 15356K, committed 15360K, reserved 1048576K
}
Event: 35.817 GC heap before
{Heap before GC invocations=73 (full 0):
 garbage-first heap   total 348160K, used 206768K [0x0000000080000000, 0x0000000100000000)
  region size 1024K, 18 young (18432K), 17 survivors (17408K)
 Metaspace       used 111676K, capacity 114511K, committed 114688K, reserved 1148928K
  class space    used 14229K, capacity 15356K, committed 15360K, reserved 1048576K
}
Event: 35.852 GC heap after
{Heap after GC invocations=74 (full 0):
 garbage-first heap   total 348160K, used 191233K [0x0000000080000000, 0x0000000100000000)
  region size 1024K, 2 young (2048K), 2 survivors (2048K)
 Metaspace       used 111676K, capacity 114511K, committed 114688K, reserved 1148928K
  class space    used 14229K, capacity 15356K, committed 15360K, reserved 1048576K
}
Event: 36.112 GC heap before
{Heap before GC invocations=74 (full 0):
 garbage-first heap   total 348160K, used 281345K [0x0000000080000000, 0x0000000100000000)
  region size 1024K, 90 young (92160K), 2 survivors (2048K)
 Metaspace       used 111839K, capacity 114651K, committed 114688K, reserved 1148928K
  class space    used 14229K, capacity 15356K, committed 15360K, reserved 1048576K
}
Event: 36.163 GC heap after
{Heap after GC invocations=75 (full 0):
 garbage-first heap   total 348160K, used 236237K [0x0000000080000000, 0x0000000100000000)
  region size 1024K, 12 young (12288K), 12 survivors (12288K)
 Metaspace       used 111839K, capacity 114651K, committed 114688K, reserved 1148928K
  class space    used 14229K, capacity 15356K, committed 15360K, reserved 1048576K
}
Event: 36.575 GC heap before
{Heap before GC invocations=75 (full 0):
 garbage-first heap   total 348160K, used 275149K [0x0000000080000000, 0x0000000100000000)
  region size 1024K, 55 young (56320K), 12 survivors (12288K)
 Metaspace       used 111963K, capacity 114786K, committed 115072K, reserved 1148928K
  class space    used 14227K, capacity 15331K, committed 15488K, reserved 1048576K
}
Event: 36.617 GC heap after
{Heap after GC invocations=76 (full 0):
 garbage-first heap   total 348160K, used 253440K [0x0000000080000000, 0x0000000100000000)
  region size 1024K, 7 young (7168K), 7 survivors (7168K)
 Metaspace       used 111963K, capacity 114786K, committed 115072K, reserved 1148928K
  class space    used 14227K, capacity 15331K, committed 15488K, reserved 1048576K
}
Event: 36.880 GC heap before
{Heap before GC invocations=77 (full 0):
 garbage-first heap   total 348160K, used 283136K [0x0000000080000000, 0x0000000100000000)
  region size 1024K, 37 young (37888K), 7 survivors (7168K)
 Metaspace       used 112290K, capacity 115167K, committed 115328K, reserved 1148928K
  class space    used 14288K, capacity 15416K, committed 15488K, reserved 1048576K
}

