# JRE version: OpenJDK Runtime Environment (11.0.12+7) (build 11.0.12+7-b1504.28-7817840)
# Java VM: OpenJDK 64-Bit Server VM (11.0.12+7-b1504.28-7817840, mixed mode, tiered, compressed oops, g1 gc, windows-amd64)
Heap:
 garbage-first heap   total 119808K, used 91468K [0x0000000080000000, 0x0000000100000000)
  region size 1024K, 21 young (21504K), 2 survivors (2048K)
 Metaspace       used 83776K, capacity 85535K, committed 85704K, reserved 1124352K
  class space    used 10868K, capacity 11562K, committed 11596K, reserved 1048576K
GC Heap History (20 events):
Event: 18.713 GC heap before
{Heap before GC invocations=23 (full 0):
 garbage-first heap   total 99328K, used 82619K [0x0000000080000000, 0x0000000100000000)
  region size 1024K, 24 young (24576K), 3 survivors (3072K)
 Metaspace       used 69076K, capacity 70545K, committed 70728K, reserved 1110016K
  class space    used 8738K, capacity 9310K, committed 9420K, reserved 1048576K
}
Event: 18.721 GC heap after
{Heap after GC invocations=24 (full 0):
 garbage-first heap   total 99328K, used 63202K [0x0000000080000000, 0x0000000100000000)
  region size 1024K, 3 young (3072K), 3 survivors (3072K)
 Metaspace       used 69076K, capacity 70545K, committed 70728K, reserved 1110016K
  class space    used 8738K, capacity 9310K, committed 9420K, reserved 1048576K
}
Event: 18.896 GC heap before
{Heap before GC invocations=25 (full 0):
 garbage-first heap   total 99328K, used 83682K [0x0000000080000000, 0x0000000100000000)
  region size 1024K, 23 young (23552K), 3 survivors (3072K)
 Metaspace       used 69105K, capacity 70643K, committed 70728K, reserved 1110016K
  class space    used 8743K, capacity 9344K, committed 9420K, reserved 1048576K
}
Event: 18.901 GC heap after
{Heap after GC invocations=26 (full 0):
 garbage-first heap   total 99328K, used 64734K [0x0000000080000000, 0x0000000100000000)
  region size 1024K, 2 young (2048K), 2 survivors (2048K)
 Metaspace       used 69105K, capacity 70643K, committed 70728K, reserved 1110016K
  class space    used 8743K, capacity 9344K, committed 9420K, reserved 1048576K
}
Event: 19.183 GC heap before
{Heap before GC invocations=26 (full 0):
 garbage-first heap   total 99328K, used 83166K [0x0000000080000000, 0x0000000100000000)
  region size 1024K, 20 young (20480K), 2 survivors (2048K)
 Metaspace       used 70705K, capacity 72290K, committed 72392K, reserved 1112064K
  class space    used 8922K, capacity 9508K, committed 9548K, reserved 1048576K
}
Event: 19.188 GC heap after
{Heap after GC invocations=27 (full 0):
 garbage-first heap   total 99328K, used 65820K [0x0000000080000000, 0x0000000100000000)
  region size 1024K, 3 young (3072K), 3 survivors (3072K)
 Metaspace       used 70705K, capacity 72290K, committed 72392K, reserved 1112064K
  class space    used 8922K, capacity 9508K, committed 9548K, reserved 1048576K
}
Event: 19.705 GC heap before
{Heap before GC invocations=28 (full 0):
 garbage-first heap   total 99328K, used 83228K [0x0000000080000000, 0x0000000100000000)
  region size 1024K, 20 young (20480K), 3 survivors (3072K)
 Metaspace       used 72821K, capacity 74358K, committed 74568K, reserved 1114112K
  class space    used 9301K, capacity 9900K, committed 9932K, reserved 1048576K
}
Event: 19.711 GC heap after
{Heap after GC invocations=29 (full 0):
 garbage-first heap   total 99328K, used 67035K [0x0000000080000000, 0x0000000100000000)
  region size 1024K, 3 young (3072K), 3 survivors (3072K)
 Metaspace       used 72821K, capacity 74358K, committed 74568K, reserved 1114112K
  class space    used 9301K, capacity 9900K, committed 9932K, reserved 1048576K
}
Event: 20.340 GC heap before
{Heap before GC invocations=29 (full 0):
 garbage-first heap   total 99328K, used 84443K [0x0000000080000000, 0x0000000100000000)
  region size 1024K, 20 young (20480K), 3 survivors (3072K)
 Metaspace       used 74847K, capacity 76398K, committed 76488K, reserved 1116160K
  class space    used 9647K, capacity 10233K, committed 10316K, reserved 1048576K
}
Event: 20.348 GC heap after
{Heap after GC invocations=30 (full 0):
 garbage-first heap   total 99328K, used 67989K [0x0000000080000000, 0x0000000100000000)
  region size 1024K, 3 young (3072K), 3 survivors (3072K)
 Metaspace       used 74847K, capacity 76398K, committed 76488K, reserved 1116160K
  class space    used 9647K, capacity 10233K, committed 10316K, reserved 1048576K
}
Event: 20.972 GC heap before
{Heap before GC invocations=31 (full 0):
 garbage-first heap   total 99328K, used 84373K [0x0000000080000000, 0x0000000100000000)
  region size 1024K, 19 young (19456K), 3 survivors (3072K)
 Metaspace       used 76890K, capacity 78468K, committed 78536K, reserved 1118208K
  class space    used 9896K, capacity 10534K, committed 10572K, reserved 1048576K
}
Event: 20.977 GC heap after
{Heap after GC invocations=32 (full 0):
 garbage-first heap   total 99328K, used 69078K [0x0000000080000000, 0x0000000100000000)
  region size 1024K, 3 young (3072K), 3 survivors (3072K)
 Metaspace       used 76890K, capacity 78468K, committed 78536K, reserved 1118208K
  class space    used 9896K, capacity 10534K, committed 10572K, reserved 1048576K
}
Event: 21.409 GC heap before
{Heap before GC invocations=32 (full 0):
 garbage-first heap   total 99328K, used 84438K [0x0000000080000000, 0x0000000100000000)
  region size 1024K, 18 young (18432K), 3 survivors (3072K)
 Metaspace       used 78691K, capacity 80307K, committed 80584K, reserved 1120256K
  class space    used 10123K, capacity 10761K, committed 10828K, reserved 1048576K
}
Event: 21.413 GC heap after
{Heap after GC invocations=33 (full 0):
 garbage-first heap   total 99328K, used 70181K [0x0000000080000000, 0x0000000100000000)
  region size 1024K, 3 young (3072K), 3 survivors (3072K)
 Metaspace       used 78691K, capacity 80307K, committed 80584K, reserved 1120256K
  class space    used 10123K, capacity 10761K, committed 10828K, reserved 1048576K
}
Event: 21.749 GC heap before
{Heap before GC invocations=34 (full 0):
 garbage-first heap   total 99328K, used 84517K [0x0000000080000000, 0x0000000100000000)
  region size 1024K, 17 young (17408K), 3 survivors (3072K)
 Metaspace       used 79878K, capacity 81569K, committed 81736K, reserved 1120256K
  class space    used 10297K, capacity 10938K, committed 10956K, reserved 1048576K
}
Event: 21.754 GC heap after
{Heap after GC invocations=35 (full 0):
 garbage-first heap   total 99328K, used 71329K [0x0000000080000000, 0x0000000100000000)
  region size 1024K, 3 young (3072K), 3 survivors (3072K)
 Metaspace       used 79878K, capacity 81569K, committed 81736K, reserved 1120256K
  class space    used 10297K, capacity 10938K, committed 10956K, reserved 1048576K
}
Event: 21.960 GC heap before
{Heap before GC invocations=35 (full 0):
 garbage-first heap   total 99328K, used 84641K [0x0000000080000000, 0x0000000100000000)
  region size 1024K, 16 young (16384K), 3 survivors (3072K)
 Metaspace       used 80792K, capacity 82501K, committed 82760K, reserved 1120256K
  class space    used 10419K, capacity 11095K, committed 11212K, reserved 1048576K
}
Event: 21.967 GC heap after
{Heap after GC invocations=36 (full 0):
 garbage-first heap   total 99328K, used 72178K [0x0000000080000000, 0x0000000100000000)
  region size 1024K, 1 young (1024K), 1 survivors (1024K)
 Metaspace       used 80792K, capacity 82501K, committed 82760K, reserved 1120256K
  class space    used 10419K, capacity 11095K, committed 11212K, reserved 1048576K
}
Event: 22.351 GC heap before
{Heap before GC invocations=37 (full 0):
 garbage-first heap   total 99328K, used 85490K [0x0000000080000000, 0x0000000100000000)
  region size 1024K, 14 young (14336K), 1 survivors (1024K)
 Metaspace       used 82051K, capacity 83773K, committed 83912K, reserved 1122304K
  class space    used 10595K, capacity 11260K, committed 11340K, reserved 1048576K
}
Event: 22.356 GC heap after
{Heap after GC invocations=38 (full 0):
 garbage-first heap   total 119808K, used 73036K [0x0000000080000000, 0x0000000100000000)
  region size 1024K, 2 young (2048K), 2 survivors (2048K)
 Metaspace       used 82051K, capacity 83773K, committed 83912K, reserved 1122304K
  class space    used 10595K, capacity 11260K, committed 11340K, reserved 1048576K
}

