# JRE version: OpenJDK Runtime Environment (11.0.12+7) (build 11.0.12+7-b1504.28-7817840)
# Java VM: OpenJDK 64-Bit Server VM (11.0.12+7-b1504.28-7817840, mixed mode, tiered, compressed oops, g1 gc, windows-amd64)
Heap:
 garbage-first heap   total 340992K, used 145920K [0x0000000080000000, 0x0000000100000000)
  region size 1024K, 9 young (9216K), 9 survivors (9216K)
 Metaspace       used 125034K, capacity 128027K, committed 128164K, reserved 1161216K
  class space    used 15752K, capacity 16907K, committed 17024K, reserved 1048576K
GC Heap History (20 events):
Event: 30.787 GC heap after
{Heap after GC invocations=54 (full 0):
 garbage-first heap   total 206848K, used 106370K [0x0000000080000000, 0x0000000100000000)
  region size 1024K, 4 young (4096K), 4 survivors (4096K)
 Metaspace       used 101911K, capacity 104021K, committed 104356K, reserved 1140736K
  class space    used 12678K, capacity 13513K, committed 13696K, reserved 1048576K
}
Event: 30.852 GC heap before
{Heap before GC invocations=54 (full 0):
 garbage-first heap   total 206848K, used 112514K [0x0000000080000000, 0x0000000100000000)
  region size 1024K, 10 young (10240K), 4 survivors (4096K)
 Metaspace       used 101945K, capacity 104085K, committed 104356K, reserved 1140736K
  class space    used 12678K, capacity 13513K, committed 13696K, reserved 1048576K
}
Event: 30.860 GC heap after
{Heap after GC invocations=55 (full 0):
 garbage-first heap   total 206848K, used 102211K [0x0000000080000000, 0x0000000100000000)
  region size 1024K, 2 young (2048K), 2 survivors (2048K)
 Metaspace       used 101945K, capacity 104085K, committed 104356K, reserved 1140736K
  class space    used 12678K, capacity 13513K, committed 13696K, reserved 1048576K
}
Event: 31.820 GC heap before
{Heap before GC invocations=55 (full 0):
 garbage-first heap   total 206848K, used 148291K [0x0000000080000000, 0x0000000100000000)
  region size 1024K, 48 young (49152K), 2 survivors (2048K)
 Metaspace       used 104074K, capacity 106242K, committed 106532K, reserved 1142784K
  class space    used 12930K, capacity 13761K, committed 13824K, reserved 1048576K
}
Event: 31.828 GC heap after
{Heap after GC invocations=56 (full 0):
 garbage-first heap   total 248832K, used 104119K [0x0000000080000000, 0x0000000100000000)
  region size 1024K, 4 young (4096K), 4 survivors (4096K)
 Metaspace       used 104074K, capacity 106242K, committed 106532K, reserved 1142784K
  class space    used 12930K, capacity 13761K, committed 13824K, reserved 1048576K
}
Event: 33.178 GC heap before
{Heap before GC invocations=57 (full 0):
 garbage-first heap   total 248832K, used 168631K [0x0000000080000000, 0x0000000100000000)
  region size 1024K, 68 young (69632K), 4 survivors (4096K)
 Metaspace       used 109420K, capacity 111723K, committed 111908K, reserved 1146880K
  class space    used 13585K, capacity 14451K, committed 14592K, reserved 1048576K
}
Event: 33.187 GC heap after
{Heap after GC invocations=58 (full 0):
 garbage-first heap   total 248832K, used 107675K [0x0000000080000000, 0x0000000100000000)
  region size 1024K, 9 young (9216K), 9 survivors (9216K)
 Metaspace       used 109420K, capacity 111723K, committed 111908K, reserved 1146880K
  class space    used 13585K, capacity 14451K, committed 14592K, reserved 1048576K
}
Event: 33.238 GC heap before
{Heap before GC invocations=58 (full 0):
 garbage-first heap   total 248832K, used 110747K [0x0000000080000000, 0x0000000100000000)
  region size 1024K, 12 young (12288K), 9 survivors (9216K)
 Metaspace       used 109626K, capacity 111883K, committed 112164K, reserved 1146880K
  class space    used 13620K, capacity 14483K, committed 14592K, reserved 1048576K
}
Event: 33.271 GC heap after
{Heap after GC invocations=59 (full 0):
 garbage-first heap   total 248832K, used 107584K [0x0000000080000000, 0x0000000100000000)
  region size 1024K, 2 young (2048K), 2 survivors (2048K)
 Metaspace       used 109626K, capacity 111883K, committed 112164K, reserved 1146880K
  class space    used 13620K, capacity 14483K, committed 14592K, reserved 1048576K
}
Event: 36.702 GC heap before
{Heap before GC invocations=59 (full 0):
 garbage-first heap   total 248832K, used 176192K [0x0000000080000000, 0x0000000100000000)
  region size 1024K, 70 young (71680K), 2 survivors (2048K)
 Metaspace       used 113758K, capacity 116029K, committed 116132K, reserved 1150976K
  class space    used 14088K, capacity 14938K, committed 14976K, reserved 1048576K
}
Event: 36.707 GC heap after
{Heap after GC invocations=60 (full 0):
 garbage-first heap   total 248832K, used 108704K [0x0000000080000000, 0x0000000100000000)
  region size 1024K, 3 young (3072K), 3 survivors (3072K)
 Metaspace       used 113758K, capacity 116029K, committed 116132K, reserved 1150976K
  class space    used 14088K, capacity 14938K, committed 14976K, reserved 1048576K
}
Event: 37.977 GC heap before
{Heap before GC invocations=60 (full 0):
 garbage-first heap   total 248832K, used 191648K [0x0000000080000000, 0x0000000100000000)
  region size 1024K, 85 young (87040K), 3 survivors (3072K)
 Metaspace       used 113977K, capacity 116293K, committed 116516K, reserved 1150976K
  class space    used 14109K, capacity 14978K, committed 15104K, reserved 1048576K
}
Event: 37.982 GC heap after
{Heap after GC invocations=61 (full 0):
 garbage-first heap   total 248832K, used 109678K [0x0000000080000000, 0x0000000100000000)
  region size 1024K, 4 young (4096K), 4 survivors (4096K)
 Metaspace       used 113977K, capacity 116293K, committed 116516K, reserved 1150976K
  class space    used 14109K, capacity 14978K, committed 15104K, reserved 1048576K
}
Event: 39.146 GC heap before
{Heap before GC invocations=61 (full 0):
 garbage-first heap   total 248832K, used 196718K [0x0000000080000000, 0x0000000100000000)
  region size 1024K, 90 young (92160K), 4 survivors (4096K)
 Metaspace       used 115488K, capacity 117854K, committed 117924K, reserved 1153024K
  class space    used 14302K, capacity 15195K, committed 15232K, reserved 1048576K
}
Event: 39.164 GC heap after
{Heap after GC invocations=62 (full 0):
 garbage-first heap   total 248832K, used 117720K [0x0000000080000000, 0x0000000100000000)
  region size 1024K, 12 young (12288K), 12 survivors (12288K)
 Metaspace       used 115488K, capacity 117854K, committed 117924K, reserved 1153024K
  class space    used 14302K, capacity 15195K, committed 15232K, reserved 1048576K
}
Event: 40.500 GC heap before
{Heap before GC invocations=62 (full 0):
 garbage-first heap   total 248832K, used 197592K [0x0000000080000000, 0x0000000100000000)
  region size 1024K, 91 young (93184K), 12 survivors (12288K)
 Metaspace       used 120108K, capacity 122600K, committed 122788K, reserved 1157120K
  class space    used 14939K, capacity 15911K, committed 16000K, reserved 1048576K
}
Event: 40.586 GC heap after
{Heap after GC invocations=63 (full 0):
 garbage-first heap   total 248832K, used 131398K [0x0000000080000000, 0x0000000100000000)
  region size 1024K, 12 young (12288K), 12 survivors (12288K)
 Metaspace       used 120108K, capacity 122600K, committed 122788K, reserved 1157120K
  class space    used 14939K, capacity 15911K, committed 16000K, reserved 1048576K
}
Event: 41.252 GC heap before
{Heap before GC invocations=63 (full 0):
 garbage-first heap   total 248832K, used 195910K [0x0000000080000000, 0x0000000100000000)
  region size 1024K, 75 young (76800K), 12 survivors (12288K)
 Metaspace       used 122865K, capacity 125670K, committed 125860K, reserved 1159168K
  class space    used 15395K, capacity 16500K, committed 16512K, reserved 1048576K
}
Event: 41.280 GC heap after
{Heap after GC invocations=64 (full 0):
 garbage-first heap   total 248832K, used 137045K [0x0000000080000000, 0x0000000100000000)
  region size 1024K, 10 young (10240K), 10 survivors (10240K)
 Metaspace       used 122865K, capacity 125670K, committed 125860K, reserved 1159168K
  class space    used 15395K, capacity 16500K, committed 16512K, reserved 1048576K
}
Event: 41.830 GC heap before
{Heap before GC invocations=64 (full 0):
 garbage-first heap   total 248832K, used 197461K [0x0000000080000000, 0x0000000100000000)
  region size 1024K, 70 young (71680K), 10 survivors (10240K)
 Metaspace       used 125034K, capacity 128027K, committed 128164K, reserved 1161216K
  class space    used 15752K, capacity 16907K, committed 17024K, reserved 1048576K
}

