# JRE version: OpenJDK Runtime Environment (11.0.12+7) (build 11.0.12+7-b1504.28-7817840)
# Java VM: OpenJDK 64-Bit Server VM (11.0.12+7-b1504.28-7817840, mixed mode, tiered, compressed oops, g1 gc, windows-amd64)
Heap:
 garbage-first heap   total 463872K, used 270867K [0x0000000080000000, 0x0000000100000000)
  region size 1024K, 3 young (3072K), 3 survivors (3072K)
 Metaspace       used 125629K, capacity 128717K, committed 129024K, reserved 1161216K
  class space    used 15991K, capacity 17100K, committed 17152K, reserved 1048576K
GC Heap History (20 events):
Event: 63.742 GC heap after
{Heap after GC invocations=72 (full 0):
 garbage-first heap   total 248832K, used 160607K [0x0000000080000000, 0x0000000100000000)
  region size 1024K, 3 young (3072K), 3 survivors (3072K)
 Metaspace       used 119990K, capacity 122996K, committed 123264K, reserved 1157120K
  class space    used 15083K, capacity 16147K, committed 16256K, reserved 1048576K
}
Event: 64.663 GC heap before
{Heap before GC invocations=73 (full 0):
 garbage-first heap   total 254976K, used 253791K [0x0000000080000000, 0x0000000100000000)
  region size 1024K, 44 young (45056K), 3 survivors (3072K)
 Metaspace       used 123036K, capacity 125990K, committed 126208K, reserved 1159168K
  class space    used 15493K, capacity 16569K, committed 16640K, reserved 1048576K
}
Event: 64.675 GC heap after
{Heap after GC invocations=74 (full 0):
 garbage-first heap   total 268288K, used 199249K [0x0000000080000000, 0x0000000100000000)
  region size 1024K, 7 young (7168K), 7 survivors (7168K)
 Metaspace       used 123036K, capacity 125990K, committed 126208K, reserved 1159168K
  class space    used 15493K, capacity 16569K, committed 16640K, reserved 1048576K
}
Event: 64.741 GC heap before
{Heap before GC invocations=74 (full 0):
 garbage-first heap   total 268288K, used 204369K [0x0000000080000000, 0x0000000100000000)
  region size 1024K, 13 young (13312K), 7 survivors (7168K)
 Metaspace       used 123233K, capacity 126221K, committed 126464K, reserved 1159168K
  class space    used 15516K, capacity 16603K, committed 16640K, reserved 1048576K
}
Event: 64.750 GC heap after
{Heap after GC invocations=75 (full 0):
 garbage-first heap   total 268288K, used 202786K [0x0000000080000000, 0x0000000100000000)
  region size 1024K, 2 young (2048K), 2 survivors (2048K)
 Metaspace       used 123233K, capacity 126221K, committed 126464K, reserved 1159168K
  class space    used 15516K, capacity 16603K, committed 16640K, reserved 1048576K
}
Event: 64.911 GC heap before
{Heap before GC invocations=75 (full 0):
 garbage-first heap   total 268288K, used 225314K [0x0000000080000000, 0x0000000100000000)
  region size 1024K, 25 young (25600K), 2 survivors (2048K)
 Metaspace       used 123269K, capacity 126286K, committed 126464K, reserved 1159168K
  class space    used 15516K, capacity 16603K, committed 16640K, reserved 1048576K
}
Event: 64.925 GC heap after
{Heap after GC invocations=76 (full 0):
 garbage-first heap   total 268288K, used 211421K [0x0000000080000000, 0x0000000100000000)
  region size 1024K, 4 young (4096K), 4 survivors (4096K)
 Metaspace       used 123269K, capacity 126286K, committed 126464K, reserved 1159168K
  class space    used 15516K, capacity 16603K, committed 16640K, reserved 1048576K
}
Event: 65.041 GC heap before
{Heap before GC invocations=76 (full 0):
 garbage-first heap   total 268288K, used 227805K [0x0000000080000000, 0x0000000100000000)
  region size 1024K, 20 young (20480K), 4 survivors (4096K)
 Metaspace       used 123271K, capacity 126286K, committed 126464K, reserved 1159168K
  class space    used 15516K, capacity 16603K, committed 16640K, reserved 1048576K
}
Event: 65.054 GC heap after
{Heap after GC invocations=77 (full 0):
 garbage-first heap   total 268288K, used 218868K [0x0000000080000000, 0x0000000100000000)
  region size 1024K, 3 young (3072K), 3 survivors (3072K)
 Metaspace       used 123271K, capacity 126286K, committed 126464K, reserved 1159168K
  class space    used 15516K, capacity 16603K, committed 16640K, reserved 1048576K
}
Event: 65.166 GC heap before
{Heap before GC invocations=77 (full 0):
 garbage-first heap   total 268288K, used 230132K [0x0000000080000000, 0x0000000100000000)
  region size 1024K, 14 young (14336K), 3 survivors (3072K)
 Metaspace       used 123271K, capacity 126286K, committed 126464K, reserved 1159168K
  class space    used 15516K, capacity 16603K, committed 16640K, reserved 1048576K
}
Event: 65.178 GC heap after
{Heap after GC invocations=78 (full 0):
 garbage-first heap   total 268288K, used 224978K [0x0000000080000000, 0x0000000100000000)
  region size 1024K, 2 young (2048K), 2 survivors (2048K)
 Metaspace       used 123271K, capacity 126286K, committed 126464K, reserved 1159168K
  class space    used 15516K, capacity 16603K, committed 16640K, reserved 1048576K
}
Event: 65.354 GC heap before
{Heap before GC invocations=79 (full 0):
 garbage-first heap   total 268288K, used 235218K [0x0000000080000000, 0x0000000100000000)
  region size 1024K, 13 young (13312K), 2 survivors (2048K)
 Metaspace       used 125066K, capacity 128142K, committed 128256K, reserved 1161216K
  class space    used 15954K, capacity 17085K, committed 17152K, reserved 1048576K
}
Event: 65.369 GC heap after
{Heap after GC invocations=80 (full 0):
 garbage-first heap   total 331776K, used 228176K [0x0000000080000000, 0x0000000100000000)
  region size 1024K, 2 young (2048K), 2 survivors (2048K)
 Metaspace       used 125066K, capacity 128142K, committed 128256K, reserved 1161216K
  class space    used 15954K, capacity 17085K, committed 17152K, reserved 1048576K
}
Event: 65.473 GC heap before
{Heap before GC invocations=80 (full 0):
 garbage-first heap   total 331776K, used 242512K [0x0000000080000000, 0x0000000100000000)
  region size 1024K, 16 young (16384K), 2 survivors (2048K)
 Metaspace       used 125454K, capacity 128506K, committed 128768K, reserved 1161216K
  class space    used 15991K, capacity 17100K, committed 17152K, reserved 1048576K
}
Event: 65.485 GC heap after
{Heap after GC invocations=81 (full 0):
 garbage-first heap   total 331776K, used 235255K [0x0000000080000000, 0x0000000100000000)
  region size 1024K, 2 young (2048K), 2 survivors (2048K)
 Metaspace       used 125454K, capacity 128506K, committed 128768K, reserved 1161216K
  class space    used 15991K, capacity 17100K, committed 17152K, reserved 1048576K
}
Event: 65.597 GC heap before
{Heap before GC invocations=81 (full 0):
 garbage-first heap   total 331776K, used 262903K [0x0000000080000000, 0x0000000100000000)
  region size 1024K, 29 young (29696K), 2 survivors (2048K)
 Metaspace       used 125592K, capacity 128648K, committed 128768K, reserved 1161216K
  class space    used 15991K, capacity 17100K, committed 17152K, reserved 1048576K
}
Event: 65.616 GC heap after
{Heap after GC invocations=82 (full 0):
 garbage-first heap   total 331776K, used 249529K [0x0000000080000000, 0x0000000100000000)
  region size 1024K, 4 young (4096K), 4 survivors (4096K)
 Metaspace       used 125592K, capacity 128648K, committed 128768K, reserved 1161216K
  class space    used 15991K, capacity 17100K, committed 17152K, reserved 1048576K
}
Event: 65.673 GC heap before
{Heap before GC invocations=82 (full 0):
 garbage-first heap   total 331776K, used 271033K [0x0000000080000000, 0x0000000100000000)
  region size 1024K, 25 young (25600K), 4 survivors (4096K)
 Metaspace       used 125621K, capacity 128653K, committed 128768K, reserved 1161216K
  class space    used 15991K, capacity 17100K, committed 17152K, reserved 1048576K
}
Event: 65.689 GC heap after
{Heap after GC invocations=83 (full 0):
 garbage-first heap   total 331776K, used 261120K [0x0000000080000000, 0x0000000100000000)
  region size 1024K, 4 young (4096K), 4 survivors (4096K)
 Metaspace       used 125621K, capacity 128653K, committed 128768K, reserved 1161216K
  class space    used 15991K, capacity 17100K, committed 17152K, reserved 1048576K
}
Event: 65.731 GC heap before
{Heap before GC invocations=83 (full 0):
 garbage-first heap   total 331776K, used 276480K [0x0000000080000000, 0x0000000100000000)
  region size 1024K, 20 young (20480K), 4 survivors (4096K)
 Metaspace       used 125629K, capacity 128717K, committed 129024K, reserved 1161216K
  class space    used 15991K, capacity 17100K, committed 17152K, reserved 1048576K
}

